#
# There is insufficient memory for the Java Runtime Environment to continue.
# Native memory allocation (malloc) failed to allocate 490576 bytes for Chunk::new
# Possible reasons:
#   The system is out of physical RAM or swap space
#   The process is running with CompressedOops enabled, and the Java Heap may be blocking the growth of the native heap
# Possible solutions:
#   Reduce memory load on the system
#   Increase physical memory or swap space
#   Check if swap backing store is full
#   Decrease Java heap size (-Xmx/-Xms)
#   Decrease number of Java threads
#   Decrease Java thread stack sizes (-Xss)
#   Set larger code cache with -XX:ReservedCodeCacheSize=
#   JVM is running with Unscaled Compressed Oops mode in which the Java heap is
#     placed in the first 4GB address space. The Java Heap base address is the
#     maximum limit for the native heap growth. Please use -XX:HeapBaseMinAddress
#     to set the Java Heap base and to place the Java Heap above 4GB virtual address.
# This output file may be truncated or incomplete.
#
#  Out of Memory Error (t:/workspace/open/src/hotspot/share/memory/arena.cpp:197), pid=30468, tid=17804
#
# JRE version: Java(TM) SE Runtime Environment (12.0.1+12) (build 12.0.1+12)
# Java VM: Java HotSpot(TM) 64-Bit Server VM (12.0.1+12, mixed mode, sharing, tiered, compressed oops, g1 gc, windows-amd64)
# No core dump will be written. Minidumps are not enabled by default on client versions of Windows
#

---------------  S U M M A R Y ------------

Command Line: -ea -Didea.test.cyclic.buffer.size=1048576 -javaagent:C:\Users\priti\IntelliJ IDEA Community Edition 2019.1.3\lib\idea_rt.jar=63369:C:\Users\priti\IntelliJ IDEA Community Edition 2019.1.3\bin -Dfile.encoding=UTF-8 com.intellij.rt.execution.junit.JUnitStarter -ideVersion5 -junit4 com.company.noteservice.dao.NoteDaoJdbcTemplateImplTest,getAllNotes

Host: Intel(R) Core(TM) i3-7100U CPU @ 2.40GHz, 4 cores, 3G,  Windows 10 , 64 bit Build 17134 (10.0.17134.753)
Time: Mon Jul 29 11:19:54 2019 Eastern Daylight Time elapsed time: 8 seconds (0d 0h 0m 8s)

---------------  T H R E A D  ---------------

Current thread (0x000002bfc1ad4800):  JavaThread "C2 CompilerThread0" daemon [_thread_in_native, id=17804, stack(0x000000e567d00000,0x000000e567e00000)]


Current CompileTask:
C2:   8002 1173 %     4       jdk.internal.loader.URLClassPath::getResource @ 39 (74 bytes)

Stack: [0x000000e567d00000,0x000000e567e00000]
Native frames: (J=compiled Java code, j=interpreted, Vv=VM code, C=native code)
V  [jvm.dll+0x63948a]
V  [jvm.dll+0x78b31f]
V  [jvm.dll+0x78c9c1]
V  [jvm.dll+0x78d013]
V  [jvm.dll+0x262138]
V  [jvm.dll+0xc582c]
V  [jvm.dll+0xc5dac]
V  [jvm.dll+0x379662]
V  [jvm.dll+0x345493]
V  [jvm.dll+0x34485a]
V  [jvm.dll+0x21c035]
V  [jvm.dll+0x21b20a]
V  [jvm.dll+0x199890]
V  [jvm.dll+0x22a534]
V  [jvm.dll+0x228b88]
V  [jvm.dll+0x74f660]
V  [jvm.dll+0x748648]
V  [jvm.dll+0x638566]
C  [ucrtbase.dll+0x1e3fe]
C  [KERNEL32.DLL+0x14034]
C  [ntdll.dll+0x73691]


---------------  P R O C E S S  ---------------

Threads class SMR info:
_java_thread_list=0x000002bfc274b680, length=11, elements={
0x000002bfa3daf000, 0x000002bfc1ab6000, 0x000002bfc1ab7000, 0x000002bfc1acc800,
0x000002bfc1ace000, 0x000002bfc1ad4800, 0x000002bfc1ad8800, 0x000002bfc1adf000,
0x000002bfc263c800, 0x000002bfc2778800, 0x000002bfc2781800
}

Java Threads: ( => current thread )
  0x000002bfa3daf000 JavaThread "main" [_thread_in_native, id=14444, stack(0x000000e567200000,0x000000e567300000)]
  0x000002bfc1ab6000 JavaThread "Reference Handler" daemon [_thread_blocked, id=30560, stack(0x000000e567900000,0x000000e567a00000)]
  0x000002bfc1ab7000 JavaThread "Finalizer" daemon [_thread_blocked, id=43816, stack(0x000000e567a00000,0x000000e567b00000)]
  0x000002bfc1acc800 JavaThread "Signal Dispatcher" daemon [_thread_blocked, id=17276, stack(0x000000e567b00000,0x000000e567c00000)]
  0x000002bfc1ace000 JavaThread "Attach Listener" daemon [_thread_blocked, id=34012, stack(0x000000e567c00000,0x000000e567d00000)]
=>0x000002bfc1ad4800 JavaThread "C2 CompilerThread0" daemon [_thread_in_native, id=17804, stack(0x000000e567d00000,0x000000e567e00000)]
  0x000002bfc1ad8800 JavaThread "C1 CompilerThread0" daemon [_thread_blocked, id=19956, stack(0x000000e567e00000,0x000000e567f00000)]
  0x000002bfc1adf000 JavaThread "Sweeper thread" daemon [_thread_blocked, id=41460, stack(0x000000e567f00000,0x000000e568000000)]
  0x000002bfc263c800 JavaThread "Common-Cleaner" daemon [_thread_blocked, id=25980, stack(0x000000e568000000,0x000000e568100000)]
  0x000002bfc2778800 JavaThread "Monitor Ctrl-Break" daemon [_thread_in_native, id=17296, stack(0x000000e568100000,0x000000e568200000)]
  0x000002bfc2781800 JavaThread "Service Thread" daemon [_thread_blocked, id=22336, stack(0x000000e568200000,0x000000e568300000)]

Other Threads:
  0x000002bfc1ab1800 VMThread "VM Thread" [stack: 0x000000e567800000,0x000000e567900000] [id=43208]
  0x000002bfc2792000 WatcherThread [stack: 0x000000e568300000,0x000000e568400000] [id=46896]
  0x000002bfa3ddb000 GCTaskThread "GC Thread#0" [stack: 0x000000e567300000,0x000000e567400000] [id=25344]
  0x000002bfc26cc000 GCTaskThread "GC Thread#1" [stack: 0x000000e568400000,0x000000e568500000] [id=31968]
  0x000002bfa3de2800 ConcurrentGCThread "G1 Main Marker" [stack: 0x000000e567400000,0x000000e567500000] [id=40040]
  0x000002bfa3de4800 ConcurrentGCThread "G1 Conc#0" [stack: 0x000000e567500000,0x000000e567600000] [id=32112]
  0x000002bfa3e3b800 ConcurrentGCThread "G1 Refine#0" [stack: 0x000000e567600000,0x000000e567700000] [id=35452]
  0x000002bfa3e3c800 ConcurrentGCThread "G1 Young RemSet Sampling" [stack: 0x000000e567700000,0x000000e567800000] [id=27552]

Threads with active compile tasks:
C2 CompilerThread0  1173 %     4       jdk.internal.loader.URLClassPath::getResource @ 39 (74 bytes)

VM state:not at safepoint (normal execution)

VM Mutex/Monitor currently owned by a thread: None

Heap address: 0x00000000c1c00000, size: 996 MB, Compressed Oops mode: 32-bit
Narrow klass base: 0x0000000800000000, Narrow klass shift: 3
Compressed class space size: 1073741824 Address: 0x00000008011a0000

Heap:
 garbage-first heap   total 65536K, used 25911K [0x00000000c1c00000, 0x0000000100000000)
  region size 1024K, 20 young (20480K), 1 survivors (1024K)
 Metaspace       used 6029K, capacity 7873K, committed 8192K, reserved 1056768K
  class space    used 689K, capacity 898K, committed 1024K, reserved 1048576K
Heap Regions: E=young(eden), S=young(survivor), O=old, HS=humongous(starts), HC=humongous(continues), CS=collection set, F=free, A=archive, TAMS=top-at-mark-start (previous, next)
|   0|0x00000000c1c00000, 0x00000000c1d00000, 0x00000000c1d00000|100%| O|  |TAMS 0x00000000c1c00000, 0x00000000c1c00000| Untracked 
|   1|0x00000000c1d00000, 0x00000000c1e00000, 0x00000000c1e00000|100%| O|  |TAMS 0x00000000c1d00000, 0x00000000c1d00000| Untracked 
|   2|0x00000000c1e00000, 0x00000000c1f00000, 0x00000000c1f00000|100%| O|  |TAMS 0x00000000c1e00000, 0x00000000c1e00000| Untracked 
|   3|0x00000000c1f00000, 0x00000000c2000000, 0x00000000c2000000|100%| O|  |TAMS 0x00000000c1f00000, 0x00000000c1f00000| Untracked 
|   4|0x00000000c2000000, 0x00000000c2100000, 0x00000000c2100000|100%| O|  |TAMS 0x00000000c2000000, 0x00000000c2000000| Untracked 
|   5|0x00000000c2100000, 0x00000000c2200000, 0x00000000c2200000|100%| O|  |TAMS 0x00000000c2100000, 0x00000000c2100000| Untracked 
|   6|0x00000000c2200000, 0x00000000c2285a00, 0x00000000c2300000| 52%| O|  |TAMS 0x00000000c2200000, 0x00000000c2200000| Untracked 
|   7|0x00000000c2300000, 0x00000000c2300000, 0x00000000c2400000|  0%| F|  |TAMS 0x00000000c2300000, 0x00000000c2300000| Untracked 
|   8|0x00000000c2400000, 0x00000000c2400000, 0x00000000c2500000|  0%| F|  |TAMS 0x00000000c2400000, 0x00000000c2400000| Untracked 
|   9|0x00000000c2500000, 0x00000000c2500000, 0x00000000c2600000|  0%| F|  |TAMS 0x00000000c2500000, 0x00000000c2500000| Untracked 
|  10|0x00000000c2600000, 0x00000000c2600000, 0x00000000c2700000|  0%| F|  |TAMS 0x00000000c2600000, 0x00000000c2600000| Untracked 
|  11|0x00000000c2700000, 0x00000000c2700000, 0x00000000c2800000|  0%| F|  |TAMS 0x00000000c2700000, 0x00000000c2700000| Untracked 
|  12|0x00000000c2800000, 0x00000000c2800000, 0x00000000c2900000|  0%| F|  |TAMS 0x00000000c2800000, 0x00000000c2800000| Untracked 
|  13|0x00000000c2900000, 0x00000000c2900000, 0x00000000c2a00000|  0%| F|  |TAMS 0x00000000c2900000, 0x00000000c2900000| Untracked 
|  14|0x00000000c2a00000, 0x00000000c2a00000, 0x00000000c2b00000|  0%| F|  |TAMS 0x00000000c2a00000, 0x00000000c2a00000| Untracked 
|  15|0x00000000c2b00000, 0x00000000c2b00000, 0x00000000c2c00000|  0%| F|  |TAMS 0x00000000c2b00000, 0x00000000c2b00000| Untracked 
|  16|0x00000000c2c00000, 0x00000000c2c00000, 0x00000000c2d00000|  0%| F|  |TAMS 0x00000000c2c00000, 0x00000000c2c00000| Untracked 
|  17|0x00000000c2d00000, 0x00000000c2d00000, 0x00000000c2e00000|  0%| F|  |TAMS 0x00000000c2d00000, 0x00000000c2d00000| Untracked 
|  18|0x00000000c2e00000, 0x00000000c2e00000, 0x00000000c2f00000|  0%| F|  |TAMS 0x00000000c2e00000, 0x00000000c2e00000| Untracked 
|  19|0x00000000c2f00000, 0x00000000c2f00000, 0x00000000c3000000|  0%| F|  |TAMS 0x00000000c2f00000, 0x00000000c2f00000| Untracked 
|  20|0x00000000c3000000, 0x00000000c3000000, 0x00000000c3100000|  0%| F|  |TAMS 0x00000000c3000000, 0x00000000c3000000| Untracked 
|  21|0x00000000c3100000, 0x00000000c3100000, 0x00000000c3200000|  0%| F|  |TAMS 0x00000000c3100000, 0x00000000c3100000| Untracked 
|  22|0x00000000c3200000, 0x00000000c3200000, 0x00000000c3300000|  0%| F|  |TAMS 0x00000000c3200000, 0x00000000c3200000| Untracked 
|  23|0x00000000c3300000, 0x00000000c3300000, 0x00000000c3400000|  0%| F|  |TAMS 0x00000000c3300000, 0x00000000c3300000| Untracked 
|  24|0x00000000c3400000, 0x00000000c3400000, 0x00000000c3500000|  0%| F|  |TAMS 0x00000000c3400000, 0x00000000c3400000| Untracked 
|  25|0x00000000c3500000, 0x00000000c3500000, 0x00000000c3600000|  0%| F|  |TAMS 0x00000000c3500000, 0x00000000c3500000| Untracked 
|  26|0x00000000c3600000, 0x00000000c3600000, 0x00000000c3700000|  0%| F|  |TAMS 0x00000000c3600000, 0x00000000c3600000| Untracked 
|  27|0x00000000c3700000, 0x00000000c3700000, 0x00000000c3800000|  0%| F|  |TAMS 0x00000000c3700000, 0x00000000c3700000| Untracked 
|  28|0x00000000c3800000, 0x00000000c3800000, 0x00000000c3900000|  0%| F|  |TAMS 0x00000000c3800000, 0x00000000c3800000| Untracked 
|  29|0x00000000c3900000, 0x00000000c3900000, 0x00000000c3a00000|  0%| F|  |TAMS 0x00000000c3900000, 0x00000000c3900000| Untracked 
|  30|0x00000000c3a00000, 0x00000000c3a00000, 0x00000000c3b00000|  0%| F|  |TAMS 0x00000000c3a00000, 0x00000000c3a00000| Untracked 
|  31|0x00000000c3b00000, 0x00000000c3b00000, 0x00000000c3c00000|  0%| F|  |TAMS 0x00000000c3b00000, 0x00000000c3b00000| Untracked 
|  32|0x00000000c3c00000, 0x00000000c3c00000, 0x00000000c3d00000|  0%| F|  |TAMS 0x00000000c3c00000, 0x00000000c3c00000| Untracked 
|  33|0x00000000c3d00000, 0x00000000c3d00000, 0x00000000c3e00000|  0%| F|  |TAMS 0x00000000c3d00000, 0x00000000c3d00000| Untracked 
|  34|0x00000000c3e00000, 0x00000000c3e00000, 0x00000000c3f00000|  0%| F|  |TAMS 0x00000000c3e00000, 0x00000000c3e00000| Untracked 
|  35|0x00000000c3f00000, 0x00000000c3f00000, 0x00000000c4000000|  0%| F|  |TAMS 0x00000000c3f00000, 0x00000000c3f00000| Untracked 
|  36|0x00000000c4000000, 0x00000000c4000000, 0x00000000c4100000|  0%| F|  |TAMS 0x00000000c4000000, 0x00000000c4000000| Untracked 
|  37|0x00000000c4100000, 0x00000000c4100000, 0x00000000c4200000|  0%| F|  |TAMS 0x00000000c4100000, 0x00000000c4100000| Untracked 
|  38|0x00000000c4200000, 0x00000000c4200000, 0x00000000c4300000|  0%| F|  |TAMS 0x00000000c4200000, 0x00000000c4200000| Untracked 
|  39|0x00000000c4300000, 0x00000000c4300000, 0x00000000c4400000|  0%| F|  |TAMS 0x00000000c4300000, 0x00000000c4300000| Untracked 
|  40|0x00000000c4400000, 0x00000000c4400000, 0x00000000c4500000|  0%| F|  |TAMS 0x00000000c4400000, 0x00000000c4400000| Untracked 
|  41|0x00000000c4500000, 0x00000000c4500000, 0x00000000c4600000|  0%| F|  |TAMS 0x00000000c4500000, 0x00000000c4500000| Untracked 
|  42|0x00000000c4600000, 0x00000000c4600000, 0x00000000c4700000|  0%| F|  |TAMS 0x00000000c4600000, 0x00000000c4600000| Untracked 
|  43|0x00000000c4700000, 0x00000000c4700000, 0x00000000c4800000|  0%| F|  |TAMS 0x00000000c4700000, 0x00000000c4700000| Untracked 
|  44|0x00000000c4800000, 0x00000000c4900000, 0x00000000c4900000|100%| E|  |TAMS 0x00000000c4800000, 0x00000000c4800000| Complete 
|  45|0x00000000c4900000, 0x00000000c4a00000, 0x00000000c4a00000|100%| E|CS|TAMS 0x00000000c4900000, 0x00000000c4900000| Complete 
|  46|0x00000000c4a00000, 0x00000000c4b00000, 0x00000000c4b00000|100%| E|CS|TAMS 0x00000000c4a00000, 0x00000000c4a00000| Complete 
|  47|0x00000000c4b00000, 0x00000000c4c00000, 0x00000000c4c00000|100%| E|CS|TAMS 0x00000000c4b00000, 0x00000000c4b00000| Complete 
|  48|0x00000000c4c00000, 0x00000000c4d00000, 0x00000000c4d00000|100%| E|CS|TAMS 0x00000000c4c00000, 0x00000000c4c00000| Complete 
|  49|0x00000000c4d00000, 0x00000000c4e00000, 0x00000000c4e00000|100%| E|CS|TAMS 0x00000000c4d00000, 0x00000000c4d00000| Complete 
|  50|0x00000000c4e00000, 0x00000000c4f00000, 0x00000000c4f00000|100%| E|CS|TAMS 0x00000000c4e00000, 0x00000000c4e00000| Complete 
|  51|0x00000000c4f00000, 0x00000000c5000000, 0x00000000c5000000|100%| E|CS|TAMS 0x00000000c4f00000, 0x00000000c4f00000| Complete 
|  52|0x00000000c5000000, 0x00000000c5100000, 0x00000000c5100000|100%| E|CS|TAMS 0x00000000c5000000, 0x00000000c5000000| Complete 
|  53|0x00000000c5100000, 0x00000000c5200000, 0x00000000c5200000|100%| E|CS|TAMS 0x00000000c5100000, 0x00000000c5100000| Complete 
|  54|0x00000000c5200000, 0x00000000c5300000, 0x00000000c5300000|100%| E|CS|TAMS 0x00000000c5200000, 0x00000000c5200000| Complete 
|  55|0x00000000c5300000, 0x00000000c5400000, 0x00000000c5400000|100%| E|CS|TAMS 0x00000000c5300000, 0x00000000c5300000| Complete 
|  56|0x00000000c5400000, 0x00000000c54c83f0, 0x00000000c5500000| 78%| S|CS|TAMS 0x00000000c5400000, 0x00000000c5400000| Complete 
|  57|0x00000000c5500000, 0x00000000c5600000, 0x00000000c5600000|100%| E|CS|TAMS 0x00000000c5500000, 0x00000000c5500000| Complete 
|  58|0x00000000c5600000, 0x00000000c5700000, 0x00000000c5700000|100%| E|CS|TAMS 0x00000000c5600000, 0x00000000c5600000| Complete 
|  59|0x00000000c5700000, 0x00000000c5800000, 0x00000000c5800000|100%| E|CS|TAMS 0x00000000c5700000, 0x00000000c5700000| Complete 
|  60|0x00000000c5800000, 0x00000000c5900000, 0x00000000c5900000|100%| E|CS|TAMS 0x00000000c5800000, 0x00000000c5800000| Complete 
|  61|0x00000000c5900000, 0x00000000c5a00000, 0x00000000c5a00000|100%| E|CS|TAMS 0x00000000c5900000, 0x00000000c5900000| Complete 
|  62|0x00000000c5a00000, 0x00000000c5b00000, 0x00000000c5b00000|100%| E|CS|TAMS 0x00000000c5a00000, 0x00000000c5a00000| Complete 
|  63|0x00000000c5b00000, 0x00000000c5c00000, 0x00000000c5c00000|100%| E|CS|TAMS 0x00000000c5b00000, 0x00000000c5b00000| Complete 

Card table byte_map: [0x000002bfbd200000,0x000002bfbd400000] _byte_map_base: 0x000002bfbcbf2000

Marking Bits (Prev, Next): (CMBitMap*) 0x000002bfa3ddbd18, (CMBitMap*) 0x000002bfa3ddbd58
 Prev Bits: [0x000002bfbd600000, 0x000002bfbe590000)
 Next Bits: [0x000002bfbe590000, 0x000002bfbf520000)

Polling page: 0x000002bfa3bb0000

Metaspace:

Usage:
  Non-class:      6.81 MB capacity,     5.23 MB ( 77%) used,     1.57 MB ( 23%) free+waste,    12.75 KB ( <1%) overhead. 
      Class:    898.00 KB capacity,   693.07 KB ( 77%) used,   198.24 KB ( 22%) free+waste,     6.69 KB ( <1%) overhead. 
       Both:      7.69 MB capacity,     5.91 MB ( 77%) used,     1.76 MB ( 23%) free+waste,    19.44 KB ( <1%) overhead. 

Virtual space:
  Non-class space:        8.00 MB reserved,       7.00 MB ( 88%) committed 
      Class space:        1.00 GB reserved,       1.00 MB ( <1%) committed 
             Both:        1.01 GB reserved,       8.00 MB ( <1%) committed 

Chunk freelists:
   Non-Class:  128 bytes
       Class:  3.75 KB
        Both:  3.88 KB

CodeHeap 'non-profiled nmethods': size=120064Kb used=462Kb max_used=462Kb free=119601Kb
 bounds [0x000002bfb5490000, 0x000002bfb5700000, 0x000002bfbc9d0000]
CodeHeap 'profiled nmethods': size=120000Kb used=2423Kb max_used=2423Kb free=117576Kb
 bounds [0x000002bfadf60000, 0x000002bfae1d0000, 0x000002bfb5490000]
CodeHeap 'non-nmethods': size=5696Kb used=1119Kb max_used=1123Kb free=4576Kb
 bounds [0x000002bfad9d0000, 0x000002bfadc40000, 0x000002bfadf60000]
 total_blobs=1907 nmethods=1190 adapters=342
 compilation: enabled
              stopped_count=0, restarted_count=0
 full_count=0

Compilation events (10 events):
Event: 7.927 Thread 0x000002bfc1ad8800 nmethod 1170 0x000002bfae1ad290 code [0x000002bfae1ad460, 0x000002bfae1ad698]
Event: 7.927 Thread 0x000002bfc1ad8800 1171       3       java.util.concurrent.locks.AbstractOwnableSynchronizer::<init> (5 bytes)
Event: 7.927 Thread 0x000002bfc1ad8800 nmethod 1171 0x000002bfae1ad790 code [0x000002bfae1ad940, 0x000002bfae1adb18]
Event: 7.938 Thread 0x000002bfc1ad8800 1172       3       sun.reflect.generics.parser.SignatureParser::current (59 bytes)
Event: 7.939 Thread 0x000002bfc1ad8800 nmethod 1172 0x000002bfae1adc10 code [0x000002bfae1ade40, 0x000002bfae1ae5a0]
Event: 7.950 Thread 0x000002bfc1ad4800 1173 %     4       jdk.internal.loader.URLClassPath::getResource @ 39 (74 bytes)
Event: 7.955 Thread 0x000002bfc1ad8800 1174       3       sun.reflect.generics.parser.SignatureParser::parsePackageNameAndSimpleClassTypeSignature (119 bytes)
Event: 7.957 Thread 0x000002bfc1ad8800 nmethod 1174 0x000002bfae1ae810 code [0x000002bfae1aeb60, 0x000002bfae1afcd0]
Event: 7.968 Thread 0x000002bfc1ad8800 1176   !   3       org.springframework.util.ConcurrentReferenceHashMap$Segment::clear (63 bytes)
Event: 7.969 Thread 0x000002bfc1ad8800 nmethod 1176 0x000002bfae1b0290 code [0x000002bfae1b0500, 0x000002bfae1b1040]

GC Heap History (4 events):
Event: 5.855 GC heap before
{Heap before GC invocations=0 (full 0):
 garbage-first heap   total 65536K, used 13312K [0x00000000c1c00000, 0x0000000100000000)
  region size 1024K, 14 young (14336K), 0 survivors (0K)
 Metaspace       used 2117K, capacity 5017K, committed 5120K, reserved 1056768K
  class space    used 219K, capacity 502K, committed 512K, reserved 1048576K
}
Event: 5.867 GC heap after
{Heap after GC invocations=1 (full 0):
 garbage-first heap   total 65536K, used 6564K [0x00000000c1c00000, 0x0000000100000000)
  region size 1024K, 2 young (2048K), 2 survivors (2048K)
 Metaspace       used 2117K, capacity 5017K, committed 5120K, reserved 1056768K
  class space    used 219K, capacity 502K, committed 512K, reserved 1048576K
}
Event: 6.554 GC heap before
{Heap before GC invocations=1 (full 0):
 garbage-first heap   total 65536K, used 13732K [0x00000000c1c00000, 0x0000000100000000)
  region size 1024K, 9 young (9216K), 2 survivors (2048K)
 Metaspace       used 3542K, capacity 5865K, committed 6016K, reserved 1056768K
  class space    used 381K, capacity 614K, committed 640K, reserved 1048576K
}
Event: 6.560 GC heap after
{Heap after GC invocations=2 (full 0):
 garbage-first heap   total 65536K, used 7479K [0x00000000c1c00000, 0x0000000100000000)
  region size 1024K, 1 young (1024K), 1 survivors (1024K)
 Metaspace       used 3542K, capacity 5865K, committed 6016K, reserved 1056768K
  class space    used 381K, capacity 614K, committed 640K, reserved 1048576K
}

Deoptimization events (10 events):
Event: 6.427 Thread 0x000002bfa3daf000 Uncommon trap: reason=class_check action=maybe_recompile pc=0x000002bfb54b2fdc method=java.util.HashMap.putVal(ILjava/lang/Object;Ljava/lang/Object;ZZ)Ljava/lang/Object; @ 203 c2
Event: 6.490 Thread 0x000002bfa3daf000 Uncommon trap: reason=class_check action=maybe_recompile pc=0x000002bfb54b2f6c method=java.util.HashMap.putVal(ILjava/lang/Object;Ljava/lang/Object;ZZ)Ljava/lang/Object; @ 253 c2
Event: 6.490 Thread 0x000002bfa3daf000 Uncommon trap: reason=class_check action=maybe_recompile pc=0x000002bfb54b2fdc method=java.util.HashMap.putVal(ILjava/lang/Object;Ljava/lang/Object;ZZ)Ljava/lang/Object; @ 203 c2
Event: 7.059 Thread 0x000002bfa3daf000 Uncommon trap: reason=bimorphic_or_optimized_type_check action=maybe_recompile pc=0x000002bfb54de454 method=java.util.HashMap.getNode(ILjava/lang/Object;)Ljava/util/HashMap$Node; @ 126 c2
Event: 7.583 Thread 0x000002bfa3daf000 Uncommon trap: reason=bimorphic_or_optimized_type_check action=maybe_recompile pc=0x000002bfb54e8684 method=java.util.HashMap.putVal(ILjava/lang/Object;Ljava/lang/Object;ZZ)Ljava/lang/Object; @ 152 c2
Event: 7.583 Thread 0x000002bfa3daf000 Uncommon trap: reason=bimorphic_or_optimized_type_check action=maybe_recompile pc=0x000002bfb54e8684 method=java.util.HashMap.putVal(ILjava/lang/Object;Ljava/lang/Object;ZZ)Ljava/lang/Object; @ 152 c2
Event: 7.584 Thread 0x000002bfa3daf000 Uncommon trap: reason=bimorphic_or_optimized_type_check action=maybe_recompile pc=0x000002bfb54e8684 method=java.util.HashMap.putVal(ILjava/lang/Object;Ljava/lang/Object;ZZ)Ljava/lang/Object; @ 152 c2
Event: 7.584 Thread 0x000002bfa3daf000 Uncommon trap: reason=bimorphic_or_optimized_type_check action=maybe_recompile pc=0x000002bfb54e8684 method=java.util.HashMap.putVal(ILjava/lang/Object;Ljava/lang/Object;ZZ)Ljava/lang/Object; @ 152 c2
Event: 7.635 Thread 0x000002bfa3daf000 Uncommon trap: reason=unstable_if action=reinterpret pc=0x000002bfb54bf77c method=java.util.zip.ZipFile$Source.getEntryPos([BZ)I @ 156 c2
Event: 7.938 Thread 0x000002bfa3daf000 Uncommon trap: reason=unstable_if action=reinterpret pc=0x000002bfb54f6fe0 method=sun.reflect.generics.parser.SignatureParser.current()C @ 39 c2

Classes redefined (0 events):
No events

Internal exceptions (8 events):
Event: 3.528 Thread 0x000002bfa3daf000 Exception <a 'java/io/FileNotFoundException'{0x00000000c521e178}> (0x00000000c521e178) thrown at [t:/workspace/open/src/hotspot/share/prims/jni.cpp, line 615]
Event: 5.635 Thread 0x000002bfa3daf000 Exception <a 'java/lang/NoSuchMethodError'{0x00000000c50a8190}: java.lang.invoke.DirectMethodHandle$Holder.invokeSpecialIFC(Ljava/lang/Object;Ljava/lang/Object;I)I> (0x00000000c50a8190) thrown at [t:/workspace/open/src/hotspot/share/interpreter/linkResolv
Event: 6.064 Thread 0x000002bfa3daf000 Exception <a 'java/lang/ClassNotFoundException'{0x00000000c5af1700}: javax/smartcardio/CardPermission> (0x00000000c5af1700) thrown at [t:/workspace/open/src/hotspot/share/classfile/systemDictionary.cpp, line 235]
Event: 6.079 Thread 0x000002bfa3daf000 Exception <a 'java/io/FileNotFoundException'{0x00000000c5aff8f0}> (0x00000000c5aff8f0) thrown at [t:/workspace/open/src/hotspot/share/prims/jni.cpp, line 615]
Event: 6.232 Thread 0x000002bfa3daf000 Exception <a 'java/lang/NoSuchMethodError'{0x00000000c5716578}: java.lang.invoke.DirectMethodHandle$Holder.invokeStaticInit(Ljava/lang/Object;Ljava/lang/Object;)I> (0x00000000c5716578) thrown at [t:/workspace/open/src/hotspot/share/interpreter/linkResolve
Event: 6.458 Thread 0x000002bfa3daf000 Exception <a 'java/lang/IncompatibleClassChangeError'{0x00000000c56ccd18}: Found class java.lang.Object, but interface was expected> (0x00000000c56ccd18) thrown at [t:/workspace/open/src/hotspot/share/interpreter/linkResolver.cpp, line 843]
Event: 6.583 Thread 0x000002bfa3daf000 Exception <a 'java/lang/NoSuchMethodError'{0x00000000c5b44d90}: org.slf4j.impl.StaticMDCBinder.getSingleton()Lorg/slf4j/impl/StaticMDCBinder;> (0x00000000c5b44d90) thrown at [t:/workspace/open/src/hotspot/share/interpreter/linkResolver.cpp, line 777]
Event: 7.631 Thread 0x000002bfa3daf000 Exception <a 'java/lang/NoSuchMethodError'{0x00000000c5055200}: java.lang.invoke.DirectMethodHandle$Holder.invokeVirtual(Ljava/lang/Object;Ljava/lang/Object;Ljava/lang/Object;)Ljava/lang/Object;> (0x00000000c5055200) thrown at [t:/workspace/open/src/hotsp

Events (10 events):
Event: 7.989 loading class org/springframework/core/convert/support/CollectionToObjectConverter
Event: 7.989 loading class org/springframework/core/convert/support/CollectionToObjectConverter done
Event: 7.990 loading class org/springframework/core/convert/support/ObjectToCollectionConverter
Event: 7.990 loading class org/springframework/core/convert/support/ObjectToCollectionConverter done
Event: 7.991 loading class org/springframework/core/convert/support/StreamConverter
Event: 7.992 loading class org/springframework/core/convert/support/StreamConverter done
Event: 7.993 loading class org/springframework/core/convert/TypeDescriptor
Event: 7.993 loading class org/springframework/core/convert/TypeDescriptor done
Event: 7.995 loading class org/springframework/core/convert/TypeDescriptor$AnnotatedElementAdapter
Event: 7.995 loading class org/springframework/core/convert/TypeDescriptor$AnnotatedElementAdapter done


Dynamic libraries:
0x00007ff626d10000 - 0x00007ff626d1f000 	C:\Program Files\Java\jdk-12.0.1\bin\java.exe
0x00007ff8b3ac0000 - 0x00007ff8b3ca1000 	C:\windows\SYSTEM32\ntdll.dll
0x00007ff8b1350000 - 0x00007ff8b1401000 	C:\windows\System32\KERNEL32.DLL
0x00007ff8b0c60000 - 0x00007ff8b0ed3000 	C:\windows\System32\KERNELBASE.dll
0x00007ff8a9b40000 - 0x00007ff8a9b58000 	C:\Program Files\Java\jdk-12.0.1\bin\jli.dll
0x00007ff8b3030000 - 0x00007ff8b30d1000 	C:\windows\System32\ADVAPI32.dll
0x00007ff8b2a90000 - 0x00007ff8b2b2e000 	C:\windows\System32\msvcrt.dll
0x00007ff8b3900000 - 0x00007ff8b395b000 	C:\windows\System32\sechost.dll
0x00007ff8b3960000 - 0x00007ff8b3a84000 	C:\windows\System32\RPCRT4.dll
0x00007ff8b0230000 - 0x00007ff8b0328000 	C:\windows\System32\ucrtbase.dll
0x00007ff8b30e0000 - 0x00007ff8b3270000 	C:\windows\System32\USER32.dll
0x00007ff8b0ee0000 - 0x00007ff8b0f00000 	C:\windows\System32\win32u.dll
0x00007ff8a99b0000 - 0x00007ff8a99c6000 	C:\Program Files\Java\jdk-12.0.1\bin\VCRUNTIME140.dll
0x00007ff8b2990000 - 0x00007ff8b29b8000 	C:\windows\System32\GDI32.dll
0x00007ff8b0330000 - 0x00007ff8b04c1000 	C:\windows\System32\gdi32full.dll
0x00007ff8afe90000 - 0x00007ff8aff2f000 	C:\windows\System32\msvcp_win.dll
0x00007ff8977f0000 - 0x00007ff897a59000 	C:\windows\WinSxS\amd64_microsoft.windows.common-controls_6595b64144ccf1df_6.0.17134.829_none_fb46a5473061b9d5\COMCTL32.dll
0x00007ff8b1020000 - 0x00007ff8b1342000 	C:\windows\System32\combase.dll
0x00007ff8b0be0000 - 0x00007ff8b0c5a000 	C:\windows\System32\bcryptPrimitives.dll
0x00007ff8a8480000 - 0x00007ff8a848a000 	C:\windows\SYSTEM32\VERSION.dll
0x00007ff8b1470000 - 0x00007ff8b149d000 	C:\windows\System32\IMM32.DLL
0x00007ff8972d0000 - 0x00007ff89737a000 	C:\Program Files\Java\jdk-12.0.1\bin\msvcp140.dll
0x00007ff868360000 - 0x00007ff868ed4000 	C:\Program Files\Java\jdk-12.0.1\bin\server\jvm.dll
0x00007ff8b3370000 - 0x00007ff8b3378000 	C:\windows\System32\PSAPI.DLL
0x00007ff8ad650000 - 0x00007ff8ad673000 	C:\windows\SYSTEM32\WINMM.dll
0x00007ff8ad6c0000 - 0x00007ff8ad6c9000 	C:\windows\SYSTEM32\WSOCK32.dll
0x00007ff8b33e0000 - 0x00007ff8b344c000 	C:\windows\System32\WS2_32.dll
0x00007ff8ad620000 - 0x00007ff8ad64a000 	C:\windows\SYSTEM32\WINMMBASE.dll
0x00007ff8b0f00000 - 0x00007ff8b0f49000 	C:\windows\System32\cfgmgr32.dll
0x00007ff8afe50000 - 0x00007ff8afe61000 	C:\windows\System32\kernel.appcore.dll
0x00007ff8a8bb0000 - 0x00007ff8a8bc1000 	C:\Program Files\Java\jdk-12.0.1\bin\verify.dll
0x00007ff8ae850000 - 0x00007ff8aea19000 	C:\windows\SYSTEM32\DBGHELP.DLL
0x00007ff89eda0000 - 0x00007ff89edc9000 	C:\windows\SYSTEM32\dbgcore.DLL
0x00007ff89fa60000 - 0x00007ff89fa86000 	C:\Program Files\Java\jdk-12.0.1\bin\java.dll
0x00007ff8ad6a0000 - 0x00007ff8ad6ae000 	C:\Program Files\Java\jdk-12.0.1\bin\instrument.dll
0x00007ff8a0750000 - 0x00007ff8a0767000 	C:\Program Files\Java\jdk-12.0.1\bin\zip.dll
0x00007ff8aad40000 - 0x00007ff8aad4a000 	C:\Program Files\Java\jdk-12.0.1\bin\jimage.dll
0x00007ff8b1550000 - 0x00007ff8b2990000 	C:\windows\System32\SHELL32.dll
0x00007ff8b29c0000 - 0x00007ff8b2a69000 	C:\windows\System32\shcore.dll
0x00007ff8b04d0000 - 0x00007ff8b0bdd000 	C:\windows\System32\windows.storage.dll
0x00007ff8b3380000 - 0x00007ff8b33d1000 	C:\windows\System32\shlwapi.dll
0x00007ff8afdd0000 - 0x00007ff8afdef000 	C:\windows\System32\profapi.dll
0x00007ff8afe00000 - 0x00007ff8afe4c000 	C:\windows\System32\powrprof.dll
0x00007ff8afdf0000 - 0x00007ff8afdfa000 	C:\windows\System32\FLTLIB.DLL
0x00007ff89fdb0000 - 0x00007ff89fdc9000 	C:\Program Files\Java\jdk-12.0.1\bin\net.dll
0x00007ff8a8770000 - 0x00007ff8a884d000 	C:\windows\SYSTEM32\WINHTTP.dll
0x00007ff898020000 - 0x00007ff8981e9000 	C:\windows\SYSTEM32\urlmon.dll
0x00007ff89c860000 - 0x00007ff89cb06000 	C:\windows\SYSTEM32\iertutil.dll
0x00007ff8af7c0000 - 0x00007ff8af7cb000 	C:\windows\SYSTEM32\CRYPTBASE.DLL
0x00007ff8af5f0000 - 0x00007ff8af656000 	C:\windows\system32\mswsock.dll
0x00007ff89fa40000 - 0x00007ff89fa53000 	C:\Program Files\Java\jdk-12.0.1\bin\nio.dll
0x00007ff89f0a0000 - 0x00007ff89f0ba000 	C:\Users\priti\IntelliJ IDEA Community Edition 2019.1.3\bin\breakgen64.dll

dbghelp: loaded successfully - version: 4.0.5 - missing functions: none
symbol engine: initialized successfully - sym options: 0x614 - pdb path: .;C:\Program Files\Java\jdk-12.0.1\bin;C:\windows\SYSTEM32;C:\windows\WinSxS\amd64_microsoft.windows.common-controls_6595b64144ccf1df_6.0.17134.829_none_fb46a5473061b9d5;C:\Program Files\Java\jdk-12.0.1\bin\server;C:\Users\priti\IntelliJ IDEA Community Edition 2019.1.3\bin

VM Arguments:
jvm_args: -ea -Didea.test.cyclic.buffer.size=1048576 -javaagent:C:\Users\priti\IntelliJ IDEA Community Edition 2019.1.3\lib\idea_rt.jar=63369:C:\Users\priti\IntelliJ IDEA Community Edition 2019.1.3\bin -Dfile.encoding=UTF-8 
java_command: com.intellij.rt.execution.junit.JUnitStarter -ideVersion5 -junit4 com.company.noteservice.dao.NoteDaoJdbcTemplateImplTest,getAllNotes
java_class_path (initial): C:\Users\priti\IntelliJ IDEA Community Edition 2019.1.3\lib\idea_rt.jar;C:\Users\priti\IntelliJ IDEA Community Edition 2019.1.3\plugins\junit\lib\junit-rt.jar;C:\Users\priti\IntelliJ IDEA Community Edition 2019.1.3\plugins\junit\lib\junit5-rt.jar;C:\Users\priti\OneDrive\Desktop\GroupProjectQueue\Book-System-Project\note-service\target\test-classes;C:\Users\priti\OneDrive\Desktop\GroupProjectQueue\Book-System-Project\note-service\target\classes;C:\Users\priti\.m2\repository\org\springframework\boot\spring-boot-starter-actuator\2.1.6.RELEASE\spring-boot-starter-actuator-2.1.6.RELEASE.jar;C:\Users\priti\.m2\repository\org\springframework\boot\spring-boot-starter\2.1.6.RELEASE\spring-boot-starter-2.1.6.RELEASE.jar;C:\Users\priti\.m2\repository\org\springframework\boot\spring-boot\2.1.6.RELEASE\spring-boot-2.1.6.RELEASE.jar;C:\Users\priti\.m2\repository\org\springframework\boot\spring-boot-autoconfigure\2.1.6.RELEASE\spring-boot-autoconfigure-2.1.6.RELEASE.jar;C:\Users\priti\.m2\repository\org\springframework\boot\spring-boot-starter-logging\2.1.6.RELEASE\spring-boot-starter-logging-2.1.6.RELEASE.jar;C:\Users\priti\.m2\repository\ch\qos\logback\logback-classic\1.2.3\logback-classic-1.2.3.jar;C:\Users\priti\.m2\repository\ch\qos\logback\logback-core\1.2.3\logback-core-1.2.3.jar;C:\Users\priti\.m2\repository\org\apache\logging\log4j\log4j-to-slf4j\2.11.2\log4j-to-slf4j-2.11.2.jar;C:\Users\priti\.m2\repository\org\apache\logging\log4j\log4j-api\2.11.2\log4j-api-2.11.2.jar;C:\Users\priti\.m2\repository\org\slf4j\jul-to-slf4j\1.7.26\jul-to-slf4j-1.7.26.jar;C:\Users\priti\.m2\repository\javax\annotation\javax.annotation-api\1.3.2\javax.annotation-api-1.3.2.jar;C:\Users\priti\.m2\repository\org\yaml\snakeyaml\1.23\snakeyaml-1.23.jar;C:\Users\priti\.m2\repository\org\springframework\boot\spring-boot-actuator-autoconfigure\2.1.6.RELEASE\spring-boot-actuator-autoconfigure-2.1.6.RELEASE.jar;C:\Users\priti\.m2\repository\org\springframework\boot\spring-b
Launcher Type: SUN_STANDARD

[Global flags]
     intx CICompilerCount                          = 3                                         {product} {ergonomic}
     uint ConcGCThreads                            = 1                                         {product} {ergonomic}
     uint G1ConcRefinementThreads                  = 4                                         {product} {ergonomic}
   size_t G1HeapRegionSize                         = 1048576                                   {product} {ergonomic}
    uintx GCDrainStackTargetSize                   = 64                                        {product} {ergonomic}
   size_t InitialHeapSize                          = 67108864                                  {product} {ergonomic}
   size_t MarkStackSize                            = 4194304                                   {product} {ergonomic}
   size_t MaxHeapSize                              = 1044381696                                {product} {ergonomic}
   size_t MaxNewSize                               = 625999872                                 {product} {ergonomic}
   size_t MinHeapDeltaBytes                        = 1048576                                   {product} {ergonomic}
    uintx NonNMethodCodeHeapSize                   = 5830732                                {pd product} {ergonomic}
    uintx NonProfiledCodeHeapSize                  = 122913754                              {pd product} {ergonomic}
    uintx ProfiledCodeHeapSize                     = 122913754                              {pd product} {ergonomic}
    uintx ReservedCodeCacheSize                    = 251658240                              {pd product} {ergonomic}
     bool SegmentedCodeCache                       = true                                      {product} {ergonomic}
     bool UseCompressedClassPointers               = true                                 {lp64_product} {ergonomic}
     bool UseCompressedOops                        = true                                 {lp64_product} {ergonomic}
     bool UseG1GC                                  = true                                      {product} {ergonomic}
     bool UseLargePagesIndividualAllocation        = false                                  {pd product} {ergonomic}

Logging:
Log output configuration:
 #0: stdout all=warning uptime,level,tags
 #1: stderr all=off uptime,level,tags

Environment Variables:
PATH=C:\windows\system32;C:\windows;C:\windows\System32\Wbem;C:\windows\System32\WindowsPowerShell\v1.0\;C:\windows\System32\OpenSSH\;C:\Users\priti\AppData\Local\Microsoft\WindowsApps;;C:\Users\priti\IntelliJ IDEA Community Edition 2019.1.3\bin;
USERNAME=priti
OS=Windows_NT
PROCESSOR_IDENTIFIER=Intel64 Family 6 Model 142 Stepping 9, GenuineIntel



---------------  S Y S T E M  ---------------

OS: Windows 10 , 64 bit Build 17134 (10.0.17134.753)

CPU:total 4 (initial active 4) (2 cores per cpu, 2 threads per core) family 6 model 142 stepping 9, cmov, cx8, fxsr, mmx, sse, sse2, sse3, ssse3, sse4.1, sse4.2, popcnt, avx, avx2, aes, clmul, erms, 3dnowpref, lzcnt, ht, tsc, tscinvbit, bmi1, bmi2, adx, fma

Memory: 4k page, system-wide physical 3979M (156M free)
TotalPageFile size 16267M (AvailPageFile size 1M)
current process WorkingSet (physical memory assigned to process): 79M, peak: 79M
current process commit charge ("private bytes"): 149M, peak: 149M

vm_info: Java HotSpot(TM) 64-Bit Server VM (12.0.1+12) for windows-amd64 JRE (12.0.1+12), built on Apr  2 2019 14:02:19 by "mach5one" with MS VC++ 15.5 (VS2017)

END.
